0 info it worked if it ends with ok
1 verbose cli [ '/usr/bin/node',
1 verbose cli   '/usr/bin/npm',
1 verbose cli   'install',
1 verbose cli   '-g',
1 verbose cli   'mysql',
1 verbose cli   '--save' ]
2 info using npm@1.4.28
3 info using node@v0.10.37
4 verbose node symlink /usr/bin/node
5 verbose cache add [ 'mysql', null ]
6 verbose cache add name=undefined spec="mysql" args=["mysql",null]
7 verbose parsed url { protocol: null,
7 verbose parsed url   slashes: null,
7 verbose parsed url   auth: null,
7 verbose parsed url   host: null,
7 verbose parsed url   port: null,
7 verbose parsed url   hostname: null,
7 verbose parsed url   hash: null,
7 verbose parsed url   search: null,
7 verbose parsed url   query: null,
7 verbose parsed url   pathname: 'mysql',
7 verbose parsed url   path: 'mysql',
7 verbose parsed url   href: 'mysql' }
8 silly lockFile f460c882-mysql mysql
9 verbose lock mysql /home/peixe/.npm/f460c882-mysql.lock
10 silly lockFile f460c882-mysql mysql
11 silly lockFile f460c882-mysql mysql
12 verbose addNamed [ 'mysql', '' ]
13 verbose addNamed [ null, '*' ]
14 silly lockFile 6df78a86-mysql mysql@
15 verbose lock mysql@ /home/peixe/.npm/6df78a86-mysql.lock
16 silly addNameRange { name: 'mysql', range: '*', hasData: false }
17 verbose request where is /mysql
18 verbose request registry https://registry.npmjs.org/
19 verbose request id f3d80bbebdf45b84
20 verbose url raw /mysql
21 verbose url resolving [ 'https://registry.npmjs.org/', './mysql' ]
22 verbose url resolved https://registry.npmjs.org/mysql
23 verbose request where is https://registry.npmjs.org/mysql
24 info trying registry request attempt 1 at 22:34:55
25 http GET https://registry.npmjs.org/mysql
26 http 200 https://registry.npmjs.org/mysql
27 silly registry.get cb [ 200,
27 silly registry.get   { server: 'CouchDB/1.5.0 (Erlang OTP/R16B03)',
27 silly registry.get     etag: '"45BPZVJZ5C3UCB78K0ZRBADI4"',
27 silly registry.get     'content-type': 'application/json',
27 silly registry.get     'content-encoding': 'gzip',
27 silly registry.get     'cache-control': 'max-age=300',
27 silly registry.get     'content-length': '29136',
27 silly registry.get     'accept-ranges': 'bytes',
27 silly registry.get     date: 'Wed, 07 Sep 2016 02:34:55 GMT',
27 silly registry.get     via: '1.1 varnish',
27 silly registry.get     age: '0',
27 silly registry.get     connection: 'keep-alive',
27 silly registry.get     'x-served-by': 'cache-yyz8323-YYZ',
27 silly registry.get     'x-cache': 'MISS',
27 silly registry.get     'x-cache-hits': '0',
27 silly registry.get     'x-timer': 'S1473215695.688169,VS0,VE193',
27 silly registry.get     vary: 'Accept-Encoding' } ]
28 silly addNameRange number 2 { name: 'mysql', range: '*', hasData: true }
29 silly addNameRange versions [ 'mysql',
29 silly addNameRange   [ '0.1.0',
29 silly addNameRange     '0.2.0',
29 silly addNameRange     '0.3.0',
29 silly addNameRange     '0.4.0',
29 silly addNameRange     '0.5.0',
29 silly addNameRange     '0.6.0',
29 silly addNameRange     '0.7.0',
29 silly addNameRange     '0.8.0',
29 silly addNameRange     '0.9.0',
29 silly addNameRange     '0.9.1',
29 silly addNameRange     '0.9.2',
29 silly addNameRange     '0.9.3',
29 silly addNameRange     '0.9.4',
29 silly addNameRange     '0.9.5',
29 silly addNameRange     '0.9.6',
29 silly addNameRange     '2.0.0-alpha',
29 silly addNameRange     '2.0.0-alpha2',
29 silly addNameRange     '2.0.0-alpha3',
29 silly addNameRange     '2.0.0-alpha4',
29 silly addNameRange     '2.0.0-alpha5',
29 silly addNameRange     '2.0.0-alpha6',
29 silly addNameRange     '2.0.0-alpha7',
29 silly addNameRange     '2.0.0-alpha8',
29 silly addNameRange     '2.0.0-alpha9',
29 silly addNameRange     '2.0.0-rc1',
29 silly addNameRange     '2.0.0-rc2',
29 silly addNameRange     '2.0.0',
29 silly addNameRange     '2.0.1',
29 silly addNameRange     '2.1.0',
29 silly addNameRange     '2.1.1',
29 silly addNameRange     '2.2.0',
29 silly addNameRange     '2.3.0',
29 silly addNameRange     '2.3.1',
29 silly addNameRange     '2.3.2',
29 silly addNameRange     '2.4.0',
29 silly addNameRange     '2.4.1',
29 silly addNameRange     '2.4.2',
29 silly addNameRange     '2.4.3',
29 silly addNameRange     '2.5.0',
29 silly addNameRange     '2.5.1',
29 silly addNameRange     '2.5.2',
29 silly addNameRange     '2.5.3',
29 silly addNameRange     '2.5.4',
29 silly addNameRange     '2.5.5',
29 silly addNameRange     '2.6.0',
29 silly addNameRange     '2.6.1',
29 silly addNameRange     '2.6.2',
29 silly addNameRange     '2.7.0',
29 silly addNameRange     '2.8.0',
29 silly addNameRange     '2.9.0',
29 silly addNameRange     '2.10.0',
29 silly addNameRange     '2.10.1',
29 silly addNameRange     '2.10.2',
29 silly addNameRange     '2.11.0',
29 silly addNameRange     '2.11.1' ] ]
30 verbose addNamed [ 'mysql', '2.11.1' ]
31 verbose addNamed [ '2.11.1', '2.11.1' ]
32 silly lockFile 79eb0c58-mysql-2-11-1 mysql@2.11.1
33 verbose lock mysql@2.11.1 /home/peixe/.npm/79eb0c58-mysql-2-11-1.lock
34 silly lockFile d2bd731c-npmjs-org-mysql-mysql-2-11-1-tgz https://registry.npmjs.org/mysql/-/mysql-2.11.1.tgz
35 verbose lock https://registry.npmjs.org/mysql/-/mysql-2.11.1.tgz /home/peixe/.npm/d2bd731c-npmjs-org-mysql-mysql-2-11-1-tgz.lock
36 verbose addRemoteTarball [ 'https://registry.npmjs.org/mysql/-/mysql-2.11.1.tgz',
36 verbose addRemoteTarball   '7bdbfda477141fd15eeec2b710320c0d20ce7d08' ]
37 info retry fetch attempt 1 at 22:34:56
38 verbose fetch to= /tmp/npm-3956-Jq6TVmXe/registry.npmjs.org/mysql/-/mysql-2.11.1.tgz
39 http GET https://registry.npmjs.org/mysql/-/mysql-2.11.1.tgz
40 http 200 https://registry.npmjs.org/mysql/-/mysql-2.11.1.tgz
41 silly lockFile d2bd731c-npmjs-org-mysql-mysql-2-11-1-tgz https://registry.npmjs.org/mysql/-/mysql-2.11.1.tgz
42 silly lockFile d2bd731c-npmjs-org-mysql-mysql-2-11-1-tgz https://registry.npmjs.org/mysql/-/mysql-2.11.1.tgz
43 silly lockFile 79eb0c58-mysql-2-11-1 mysql@2.11.1
44 silly lockFile 79eb0c58-mysql-2-11-1 mysql@2.11.1
45 silly lockFile 6df78a86-mysql mysql@
46 silly lockFile 6df78a86-mysql mysql@
47 silly resolved [ { name: 'mysql',
47 silly resolved     description: 'A node.js driver for mysql. It is written in JavaScript, does not require compiling, and is 100% MIT licensed.',
47 silly resolved     version: '2.11.1',
47 silly resolved     license: 'MIT',
47 silly resolved     author:
47 silly resolved      { name: 'Felix Geisendörfer',
47 silly resolved        email: 'felix@debuggable.com',
47 silly resolved        url: 'http://debuggable.com/' },
47 silly resolved     contributors: [ [Object], [Object], [Object], [Object] ],
47 silly resolved     homepage: 'https://github.com/felixge/node-mysql',
47 silly resolved     repository:
47 silly resolved      { type: 'git',
47 silly resolved        url: 'git+https://github.com/felixge/node-mysql.git' },
47 silly resolved     dependencies:
47 silly resolved      { 'bignumber.js': '2.3.0',
47 silly resolved        'readable-stream': '1.1.14',
47 silly resolved        sqlstring: '2.0.1' },
47 silly resolved     devDependencies:
47 silly resolved      { after: '0.8.1',
47 silly resolved        eslint: '2.11.1',
47 silly resolved        istanbul: '0.4.3',
47 silly resolved        'require-all': '2.0.0',
47 silly resolved        rimraf: '2.2.8',
47 silly resolved        'timezone-mock': '0.0.0',
47 silly resolved        mkdirp: '0.5.1',
47 silly resolved        urun: '0.0.8',
47 silly resolved        utest: '0.0.8' },
47 silly resolved     files: [ 'lib/', 'Changes.md', 'License', 'Readme.md', 'index.js' ],
47 silly resolved     engines: { node: '>= 0.6' },
47 silly resolved     scripts:
47 silly resolved      { lint: 'eslint lib/**/*.js index.js test/**/*.js',
47 silly resolved        test: 'node test/run.js',
47 silly resolved        'test-ci': 'node test/run-cov.js lcovonly',
47 silly resolved        'test-cov': 'node test/run-cov.js' },
47 silly resolved     gitHead: '3c7b1616ac31dd2c37843110ad10af2b149bf13f',
47 silly resolved     bugs: { url: 'https://github.com/felixge/node-mysql/issues' },
47 silly resolved     _id: 'mysql@2.11.1',
47 silly resolved     _shasum: '7bdbfda477141fd15eeec2b710320c0d20ce7d08',
47 silly resolved     _from: 'mysql@',
47 silly resolved     _npmVersion: '2.15.1',
47 silly resolved     _nodeVersion: '4.4.3',
47 silly resolved     _npmUser: { name: 'dougwilson', email: 'doug@somethingdoug.com' },
47 silly resolved     dist:
47 silly resolved      { shasum: '7bdbfda477141fd15eeec2b710320c0d20ce7d08',
47 silly resolved        tarball: 'https://registry.npmjs.org/mysql/-/mysql-2.11.1.tgz' },
47 silly resolved     maintainers: [ [Object], [Object], [Object], [Object], [Object], [Object] ],
47 silly resolved     _npmOperationalInternal:
47 silly resolved      { host: 'packages-12-west.internal.npmjs.com',
47 silly resolved        tmp: 'tmp/mysql-2.11.1.tgz_1465353469934_0.8884453533682972' },
47 silly resolved     directories: {},
47 silly resolved     _resolved: 'https://registry.npmjs.org/mysql/-/mysql-2.11.1.tgz' } ]
48 info install mysql@2.11.1 into /usr/lib
49 info installOne mysql@2.11.1
50 verbose lib/node_modules/mysql unbuild
51 verbose tar unpack /home/peixe/.npm/mysql/2.11.1/package.tgz
52 silly lockFile 29ff5b8d-tar-usr-lib-node-modules-mysql tar:///usr/lib/node_modules/mysql
53 verbose lock tar:///usr/lib/node_modules/mysql /home/peixe/.npm/29ff5b8d-tar-usr-lib-node-modules-mysql.lock
54 silly lockFile 193900a2-ixe-npm-mysql-2-11-1-package-tgz tar:///home/peixe/.npm/mysql/2.11.1/package.tgz
55 verbose lock tar:///home/peixe/.npm/mysql/2.11.1/package.tgz /home/peixe/.npm/193900a2-ixe-npm-mysql-2-11-1-package-tgz.lock
56 silly gunzTarPerm modes [ '775', '664' ]
57 error Error: EACCES, mkdir '/usr/lib/node_modules/mysql'
57 error  { [Error: EACCES, mkdir '/usr/lib/node_modules/mysql']
57 error   errno: 3,
57 error   code: 'EACCES',
57 error   path: '/usr/lib/node_modules/mysql',
57 error   fstream_type: 'Directory',
57 error   fstream_path: '/usr/lib/node_modules/mysql',
57 error   fstream_class: 'DirWriter',
57 error   fstream_stack:
57 error    [ '/usr/lib/node_modules/npm/node_modules/fstream/lib/dir-writer.js:36:23',
57 error      '/usr/lib/node_modules/npm/node_modules/mkdirp/index.js:46:53',
57 error      'Object.oncomplete (fs.js:108:15)' ] }
58 error Please try running this command again as root/Administrator.
59 error System Linux 4.4.0-36-generic
60 error command "/usr/bin/node" "/usr/bin/npm" "install" "-g" "mysql" "--save"
61 error cwd /home/peixe/node/nodesql
62 error node -v v0.10.37
63 error npm -v 1.4.28
64 error path /usr/lib/node_modules/mysql
65 error fstream_path /usr/lib/node_modules/mysql
66 error fstream_type Directory
67 error fstream_class DirWriter
68 error code EACCES
69 error errno 3
70 error stack Error: EACCES, mkdir '/usr/lib/node_modules/mysql'
71 error fstream_stack /usr/lib/node_modules/npm/node_modules/fstream/lib/dir-writer.js:36:23
71 error fstream_stack /usr/lib/node_modules/npm/node_modules/mkdirp/index.js:46:53
71 error fstream_stack Object.oncomplete (fs.js:108:15)
72 verbose exit [ 3, true ]
